<?xml version="1.0" encoding="UTF-8"?>
<testng-results ignored="0" total="2" passed="2" failed="0" skipped="0">
  <reporter-output>
  </reporter-output>
  <suite started-at="2025-06-26T23:23:23 IST" name="Default suite" finished-at="2025-06-26T23:23:23 IST" duration-ms="69">
    <groups>
    </groups>
    <test started-at="2025-06-26T23:23:23 IST" name="Default test" finished-at="2025-06-26T23:23:23 IST" duration-ms="69">
      <class name="com.cognizant.sample.Test1">
        <test-method signature="test1()[pri:0, instance:com.cognizant.sample.Test1@7d8995e]" started-at="2025-06-26T23:23:23 IST" name="test1" finished-at="2025-06-26T23:23:23 IST" duration-ms="10" status="PASS">
          <reporter-output>
          </reporter-output>
        </test-method> <!-- test1 -->
      </class> <!-- com.cognizant.sample.Test1 -->
      <class name="com.cognizant.sample.Test2">
        <test-method signature="test2()[pri:0, instance:com.cognizant.sample.Test2@f6efaab]" started-at="2025-06-26T23:23:23 IST" name="test2" finished-at="2025-06-26T23:23:23 IST" duration-ms="2" status="PASS">
          <reporter-output>
          </reporter-output>
        </test-method> <!-- test2 -->
      </class> <!-- com.cognizant.sample.Test2 -->
    </test> <!-- Default test -->
  </suite> <!-- Default suite -->
</testng-results>
